<?xml version="1.0" encoding="UTF-8"?>
<testng-results skipped="0" failed="0" total="1" passed="1">
  <reporter-output>
  </reporter-output>
  <suite name="Default suite" duration-ms="2611" started-at="2019-02-11T13:44:31Z" finished-at="2019-02-11T13:44:34Z">
    <groups>
    </groups>
    <test name="Default test" duration-ms="2611" started-at="2019-02-11T13:44:31Z" finished-at="2019-02-11T13:44:34Z">
      <class name="testcases.BalanceDetailsByCard">
        <test-method status="PASS" signature="getbalancedetails()[pri:0, instance:testcases.BalanceDetailsByCard@8bd1b6a]" name="getbalancedetails" duration-ms="2593" started-at="2019-02-11T19:14:31Z" finished-at="2019-02-11T19:14:34Z">
          <reporter-output>
          </reporter-output>
        </test-method> <!-- getbalancedetails -->
      </class> <!-- testcases.BalanceDetailsByCard -->
    </test> <!-- Default test -->
  </suite> <!-- Default suite -->
</testng-results>
